  Source.cpp
C:\Program Files (x86)\Microsoft Visual Studio\2019\Community\VC\Tools\MSVC\14.28.29910\include\xmemory(695): error C2259: 'ServiceHistory': cannot instantiate abstract class
E:\GITHUB\OOP_Car_Rental\Car_Rental\Car_Rental\Source.cpp(60): message : see declaration of 'ServiceHistory'
C:\Program Files (x86)\Microsoft Visual Studio\2019\Community\VC\Tools\MSVC\14.28.29910\include\xmemory(695): message : due to following members:
C:\Program Files (x86)\Microsoft Visual Studio\2019\Community\VC\Tools\MSVC\14.28.29910\include\xmemory(695): message : 'std::string ServiceHistory::serviceType(void)': is abstract
E:\GITHUB\OOP_Car_Rental\Car_Rental\Car_Rental\Source.cpp(84): message : see declaration of 'ServiceHistory::serviceType'
C:\Program Files (x86)\Microsoft Visual Studio\2019\Community\VC\Tools\MSVC\14.28.29910\include\xmemory(695): message : 'std::string ServiceHistory::detailedServiceType(void)': is abstract
E:\GITHUB\OOP_Car_Rental\Car_Rental\Car_Rental\Source.cpp(85): message : see declaration of 'ServiceHistory::detailedServiceType'
C:\Program Files (x86)\Microsoft Visual Studio\2019\Community\VC\Tools\MSVC\14.28.29910\include\xmemory(695): message : 'void ServiceHistory::printInformation(void)': is abstract
E:\GITHUB\OOP_Car_Rental\Car_Rental\Car_Rental\Source.cpp(86): message : see declaration of 'ServiceHistory::printInformation'
C:\Program Files (x86)\Microsoft Visual Studio\2019\Community\VC\Tools\MSVC\14.28.29910\include\vector(689): message : see reference to function template instantiation 'void std::_Default_allocator_traits<_Alloc>::construct<_Ty,_Ty>(_Alloc &,_Objty *const ,_Ty &&)' being compiled
          with
          [
              _Alloc=std::allocator<ServiceHistory>,
              _Ty=ServiceHistory,
              _Objty=ServiceHistory
          ]
C:\Program Files (x86)\Microsoft Visual Studio\2019\Community\VC\Tools\MSVC\14.28.29910\include\vector(694): message : see reference to function template instantiation 'void std::_Default_allocator_traits<_Alloc>::construct<_Ty,_Ty>(_Alloc &,_Objty *const ,_Ty &&)' being compiled
          with
          [
              _Alloc=std::allocator<ServiceHistory>,
              _Ty=ServiceHistory,
              _Objty=ServiceHistory
          ]
C:\Program Files (x86)\Microsoft Visual Studio\2019\Community\VC\Tools\MSVC\14.28.29910\include\vector(707): message : see reference to function template instantiation 'void std::vector<ServiceHistory,std::allocator<ServiceHistory>>::_Emplace_back_with_unused_capacity<_Ty>(_Ty &&)' being compiled
          with
          [
              _Ty=ServiceHistory
          ]
C:\Program Files (x86)\Microsoft Visual Studio\2019\Community\VC\Tools\MSVC\14.28.29910\include\vector(728): message : see reference to function template instantiation 'void std::vector<ServiceHistory,std::allocator<ServiceHistory>>::emplace_back<ServiceHistory>(ServiceHistory &&)' being compiled
C:\Program Files (x86)\Microsoft Visual Studio\2019\Community\VC\Tools\MSVC\14.28.29910\include\vector(727): message : while compiling class template member function 'void std::vector<ServiceHistory,std::allocator<ServiceHistory>>::push_back(_Ty &&)'
          with
          [
              _Ty=ServiceHistory
          ]
E:\GITHUB\OOP_Car_Rental\Car_Rental\Car_Rental\Source.cpp(240): message : see reference to function template instantiation 'void std::vector<ServiceHistory,std::allocator<ServiceHistory>>::push_back(_Ty &&)' being compiled
          with
          [
              _Ty=ServiceHistory
          ]
E:\GITHUB\OOP_Car_Rental\Car_Rental\Car_Rental\Source.cpp(211): message : see reference to class template instantiation 'std::vector<ServiceHistory,std::allocator<ServiceHistory>>' being compiled
C:\Program Files (x86)\Microsoft Visual Studio\2019\Community\VC\Tools\MSVC\14.28.29910\include\xmemory(696,82): error C2259: 'ServiceHistory': cannot instantiate abstract class
E:\GITHUB\OOP_Car_Rental\Car_Rental\Car_Rental\Source.cpp(60): message : see declaration of 'ServiceHistory'
C:\Program Files (x86)\Microsoft Visual Studio\2019\Community\VC\Tools\MSVC\14.28.29910\include\xmemory(696,82): message : due to following members:
C:\Program Files (x86)\Microsoft Visual Studio\2019\Community\VC\Tools\MSVC\14.28.29910\include\xmemory(696,82): message : 'std::string ServiceHistory::serviceType(void)': is abstract
E:\GITHUB\OOP_Car_Rental\Car_Rental\Car_Rental\Source.cpp(84): message : see declaration of 'ServiceHistory::serviceType'
C:\Program Files (x86)\Microsoft Visual Studio\2019\Community\VC\Tools\MSVC\14.28.29910\include\xmemory(696,82): message : 'std::string ServiceHistory::detailedServiceType(void)': is abstract
E:\GITHUB\OOP_Car_Rental\Car_Rental\Car_Rental\Source.cpp(85): message : see declaration of 'ServiceHistory::detailedServiceType'
C:\Program Files (x86)\Microsoft Visual Studio\2019\Community\VC\Tools\MSVC\14.28.29910\include\xmemory(696,82): message : 'void ServiceHistory::printInformation(void)': is abstract
E:\GITHUB\OOP_Car_Rental\Car_Rental\Car_Rental\Source.cpp(86): message : see declaration of 'ServiceHistory::printInformation'
